<?xml version="1.0" encoding="UTF-8"?>
<testng-results skipped="0" failed="0" total="2" passed="2">
  <reporter-output>
  </reporter-output>
  <suite name="Default suite" duration-ms="30170" started-at="2018-03-20T14:53:09Z" finished-at="2018-03-20T14:53:39Z">
    <groups>
    </groups>
    <test name="Default test" duration-ms="30170" started-at="2018-03-20T14:53:09Z" finished-at="2018-03-20T14:53:39Z">
      <class name="test.test">
        <test-method status="PASS" signature="OpenBrowser()[pri:0, instance:test.test@464bee09]" name="OpenBrowser" is-config="true" duration-ms="14498" started-at="2018-03-20T20:23:09Z" finished-at="2018-03-20T20:23:24Z">
          <reporter-output>
          </reporter-output>
        </test-method> <!-- OpenBrowser -->
        <test-method status="PASS" signature="OpenUrl()[pri:0, instance:test.test@464bee09]" name="OpenUrl" duration-ms="13333" started-at="2018-03-20T20:23:24Z" finished-at="2018-03-20T20:23:37Z">
          <reporter-output>
          </reporter-output>
        </test-method> <!-- OpenUrl -->
        <test-method status="PASS" signature="handleAlerts()[pri:0, instance:test.test@464bee09]" name="handleAlerts" duration-ms="2276" started-at="2018-03-20T20:23:37Z" depends-on-methods="test.test.OpenUrl" finished-at="2018-03-20T20:23:39Z">
          <reporter-output>
          </reporter-output>
        </test-method> <!-- handleAlerts -->
        <test-method status="PASS" signature="closeBrowser()[pri:0, instance:test.test@464bee09]" name="closeBrowser" is-config="true" duration-ms="0" started-at="2018-03-20T20:23:39Z" finished-at="2018-03-20T20:23:39Z">
          <reporter-output>
          </reporter-output>
        </test-method> <!-- closeBrowser -->
      </class> <!-- test.test -->
    </test> <!-- Default test -->
  </suite> <!-- Default suite -->
</testng-results>
